<?xml version="1.0" encoding="UTF-8"?>
<testsuite xmlns:xsi="http://www.w3.org/2001/XMLSchema-instance" xsi:noNamespaceSchemaLocation="https://maven.apache.org/surefire/maven-surefire-plugin/xsd/surefire-test-report.xsd" name="com.nicolas.desafiomicrosservicos.DesafioMicrosservicosApplicationTests" time="2.774" tests="1" errors="0" skipped="0" failures="0">
  <properties>
    <property name="java.specification.version" value="17"/>
    <property name="sun.jnu.encoding" value="UTF-8"/>
    <property name="java.class.path" value="/home/nicolas/Documentos/Projetos/desafio-microsservicos/target/test-classes:/home/nicolas/Documentos/Projetos/desafio-microsservicos/target/classes:/home/nicolas/.m2/repository/org/springframework/boot/spring-boot-starter-web/2.5.8/spring-boot-starter-web-2.5.8.jar:/home/nicolas/.m2/repository/org/springframework/boot/spring-boot-starter/2.5.8/spring-boot-starter-2.5.8.jar:/home/nicolas/.m2/repository/org/springframework/boot/spring-boot/2.5.8/spring-boot-2.5.8.jar:/home/nicolas/.m2/repository/org/springframework/boot/spring-boot-autoconfigure/2.5.8/spring-boot-autoconfigure-2.5.8.jar:/home/nicolas/.m2/repository/org/springframework/boot/spring-boot-starter-logging/2.5.8/spring-boot-starter-logging-2.5.8.jar:/home/nicolas/.m2/repository/ch/qos/logback/logback-classic/1.2.9/logback-classic-1.2.9.jar:/home/nicolas/.m2/repository/ch/qos/logback/logback-core/1.2.9/logback-core-1.2.9.jar:/home/nicolas/.m2/repository/org/apache/logging/log4j/log4j-to-slf4j/2.17.0/log4j-to-slf4j-2.17.0.jar:/home/nicolas/.m2/repository/org/apache/logging/log4j/log4j-api/2.17.0/log4j-api-2.17.0.jar:/home/nicolas/.m2/repository/org/slf4j/jul-to-slf4j/1.7.32/jul-to-slf4j-1.7.32.jar:/home/nicolas/.m2/repository/jakarta/annotation/jakarta.annotation-api/1.3.5/jakarta.annotation-api-1.3.5.jar:/home/nicolas/.m2/repository/org/yaml/snakeyaml/1.28/snakeyaml-1.28.jar:/home/nicolas/.m2/repository/org/springframework/boot/spring-boot-starter-json/2.5.8/spring-boot-starter-json-2.5.8.jar:/home/nicolas/.m2/repository/com/fasterxml/jackson/core/jackson-databind/2.12.6/jackson-databind-2.12.6.jar:/home/nicolas/.m2/repository/com/fasterxml/jackson/core/jackson-annotations/2.12.6/jackson-annotations-2.12.6.jar:/home/nicolas/.m2/repository/com/fasterxml/jackson/core/jackson-core/2.12.6/jackson-core-2.12.6.jar:/home/nicolas/.m2/repository/com/fasterxml/jackson/datatype/jackson-datatype-jdk8/2.12.6/jackson-datatype-jdk8-2.12.6.jar:/home/nicolas/.m2/repository/com/fasterxml/jackson/datatype/jackson-datatype-jsr310/2.12.6/jackson-datatype-jsr310-2.12.6.jar:/home/nicolas/.m2/repository/com/fasterxml/jackson/module/jackson-module-parameter-names/2.12.6/jackson-module-parameter-names-2.12.6.jar:/home/nicolas/.m2/repository/org/springframework/boot/spring-boot-starter-tomcat/2.5.8/spring-boot-starter-tomcat-2.5.8.jar:/home/nicolas/.m2/repository/org/apache/tomcat/embed/tomcat-embed-core/9.0.56/tomcat-embed-core-9.0.56.jar:/home/nicolas/.m2/repository/org/apache/tomcat/embed/tomcat-embed-el/9.0.56/tomcat-embed-el-9.0.56.jar:/home/nicolas/.m2/repository/org/apache/tomcat/embed/tomcat-embed-websocket/9.0.56/tomcat-embed-websocket-9.0.56.jar:/home/nicolas/.m2/repository/org/springframework/spring-web/5.3.14/spring-web-5.3.14.jar:/home/nicolas/.m2/repository/org/springframework/spring-beans/5.3.14/spring-beans-5.3.14.jar:/home/nicolas/.m2/repository/org/springframework/spring-webmvc/5.3.14/spring-webmvc-5.3.14.jar:/home/nicolas/.m2/repository/org/springframework/spring-aop/5.3.14/spring-aop-5.3.14.jar:/home/nicolas/.m2/repository/org/springframework/spring-context/5.3.14/spring-context-5.3.14.jar:/home/nicolas/.m2/repository/org/springframework/spring-expression/5.3.14/spring-expression-5.3.14.jar:/home/nicolas/.m2/repository/com/okta/spring/okta-spring-boot-starter/2.1.4/okta-spring-boot-starter-2.1.4.jar:/home/nicolas/.m2/repository/com/okta/spring/okta-spring-security-oauth2/2.1.4/okta-spring-security-oauth2-2.1.4.jar:/home/nicolas/.m2/repository/javax/validation/validation-api/2.0.1.Final/validation-api-2.0.1.Final.jar:/home/nicolas/.m2/repository/com/okta/commons/okta-config-check/1.3.0/okta-config-check-1.3.0.jar:/home/nicolas/.m2/repository/com/okta/commons/okta-commons-lang/1.3.0/okta-commons-lang-1.3.0.jar:/home/nicolas/.m2/repository/org/springframework/security/spring-security-config/5.5.4/spring-security-config-5.5.4.jar:/home/nicolas/.m2/repository/org/springframework/security/spring-security-core/5.5.4/spring-security-core-5.5.4.jar:/home/nicolas/.m2/repository/org/springframework/security/spring-security-crypto/5.5.4/spring-security-crypto-5.5.4.jar:/home/nicolas/.m2/repository/org/springframework/boot/spring-boot-starter-security/2.5.8/spring-boot-starter-security-2.5.8.jar:/home/nicolas/.m2/repository/org/springframework/security/spring-security-web/5.5.4/spring-security-web-5.5.4.jar:/home/nicolas/.m2/repository/org/springframework/security/spring-security-oauth2-client/5.5.4/spring-security-oauth2-client-5.5.4.jar:/home/nicolas/.m2/repository/org/springframework/security/spring-security-oauth2-core/5.5.4/spring-security-oauth2-core-5.5.4.jar:/home/nicolas/.m2/repository/com/nimbusds/oauth2-oidc-sdk/9.9.1/oauth2-oidc-sdk-9.9.1.jar:/home/nicolas/.m2/repository/com/github/stephenc/jcip/jcip-annotations/1.0-1/jcip-annotations-1.0-1.jar:/home/nicolas/.m2/repository/com/nimbusds/content-type/2.1/content-type-2.1.jar:/home/nicolas/.m2/repository/com/nimbusds/lang-tag/1.5/lang-tag-1.5.jar:/home/nicolas/.m2/repository/org/springframework/security/spring-security-oauth2-jose/5.5.4/spring-security-oauth2-jose-5.5.4.jar:/home/nicolas/.m2/repository/com/nimbusds/nimbus-jose-jwt/9.10.1/nimbus-jose-jwt-9.10.1.jar:/home/nicolas/.m2/repository/org/springframework/security/spring-security-oauth2-resource-server/5.5.4/spring-security-oauth2-resource-server-5.5.4.jar:/home/nicolas/.m2/repository/com/okta/spring/okta-spring-sdk/2.1.4/okta-spring-sdk-2.1.4.jar:/home/nicolas/.m2/repository/org/springframework/boot/spring-boot-starter-test/2.5.8/spring-boot-starter-test-2.5.8.jar:/home/nicolas/.m2/repository/org/springframework/boot/spring-boot-test/2.5.8/spring-boot-test-2.5.8.jar:/home/nicolas/.m2/repository/org/springframework/boot/spring-boot-test-autoconfigure/2.5.8/spring-boot-test-autoconfigure-2.5.8.jar:/home/nicolas/.m2/repository/com/jayway/jsonpath/json-path/2.5.0/json-path-2.5.0.jar:/home/nicolas/.m2/repository/net/minidev/json-smart/2.4.7/json-smart-2.4.7.jar:/home/nicolas/.m2/repository/net/minidev/accessors-smart/2.4.7/accessors-smart-2.4.7.jar:/home/nicolas/.m2/repository/org/ow2/asm/asm/9.1/asm-9.1.jar:/home/nicolas/.m2/repository/org/slf4j/slf4j-api/1.7.32/slf4j-api-1.7.32.jar:/home/nicolas/.m2/repository/jakarta/xml/bind/jakarta.xml.bind-api/2.3.3/jakarta.xml.bind-api-2.3.3.jar:/home/nicolas/.m2/repository/jakarta/activation/jakarta.activation-api/1.2.2/jakarta.activation-api-1.2.2.jar:/home/nicolas/.m2/repository/org/assertj/assertj-core/3.19.0/assertj-core-3.19.0.jar:/home/nicolas/.m2/repository/org/hamcrest/hamcrest/2.2/hamcrest-2.2.jar:/home/nicolas/.m2/repository/org/junit/jupiter/junit-jupiter/5.7.2/junit-jupiter-5.7.2.jar:/home/nicolas/.m2/repository/org/junit/jupiter/junit-jupiter-api/5.7.2/junit-jupiter-api-5.7.2.jar:/home/nicolas/.m2/repository/org/apiguardian/apiguardian-api/1.1.0/apiguardian-api-1.1.0.jar:/home/nicolas/.m2/repository/org/opentest4j/opentest4j/1.2.0/opentest4j-1.2.0.jar:/home/nicolas/.m2/repository/org/junit/platform/junit-platform-commons/1.7.2/junit-platform-commons-1.7.2.jar:/home/nicolas/.m2/repository/org/junit/jupiter/junit-jupiter-params/5.7.2/junit-jupiter-params-5.7.2.jar:/home/nicolas/.m2/repository/org/junit/jupiter/junit-jupiter-engine/5.7.2/junit-jupiter-engine-5.7.2.jar:/home/nicolas/.m2/repository/org/junit/platform/junit-platform-engine/1.7.2/junit-platform-engine-1.7.2.jar:/home/nicolas/.m2/repository/org/mockito/mockito-core/3.9.0/mockito-core-3.9.0.jar:/home/nicolas/.m2/repository/net/bytebuddy/byte-buddy/1.10.22/byte-buddy-1.10.22.jar:/home/nicolas/.m2/repository/net/bytebuddy/byte-buddy-agent/1.10.22/byte-buddy-agent-1.10.22.jar:/home/nicolas/.m2/repository/org/objenesis/objenesis/3.2/objenesis-3.2.jar:/home/nicolas/.m2/repository/org/mockito/mockito-junit-jupiter/3.9.0/mockito-junit-jupiter-3.9.0.jar:/home/nicolas/.m2/repository/org/skyscreamer/jsonassert/1.5.0/jsonassert-1.5.0.jar:/home/nicolas/.m2/repository/com/vaadin/external/google/android-json/0.0.20131108.vaadin1/android-json-0.0.20131108.vaadin1.jar:/home/nicolas/.m2/repository/org/springframework/spring-core/5.3.14/spring-core-5.3.14.jar:/home/nicolas/.m2/repository/org/springframework/spring-jcl/5.3.14/spring-jcl-5.3.14.jar:/home/nicolas/.m2/repository/org/springframework/spring-test/5.3.14/spring-test-5.3.14.jar:/home/nicolas/.m2/repository/org/xmlunit/xmlunit-core/2.8.4/xmlunit-core-2.8.4.jar:"/>
    <property name="java.vm.vendor" value="Oracle Corporation"/>
    <property name="sun.arch.data.model" value="64"/>
    <property name="java.vendor.url" value="https://java.oracle.com/"/>
    <property name="os.name" value="Linux"/>
    <property name="java.vm.specification.version" value="17"/>
    <property name="sun.java.launcher" value="SUN_STANDARD"/>
    <property name="user.country" value="BR"/>
    <property name="sun.boot.library.path" value="/usr/lib/jvm/java-17-oracle/lib"/>
    <property name="sun.java.command" value="/home/nicolas/Documentos/Projetos/desafio-microsservicos/target/surefire/surefirebooter13387732445804475942.jar /home/nicolas/Documentos/Projetos/desafio-microsservicos/target/surefire 2022-01-12T14-19-22_467-jvmRun1 surefire13606684033154564657tmp surefire_09756025137623686425tmp"/>
    <property name="jdk.debug" value="release"/>
    <property name="surefire.test.class.path" value="/home/nicolas/Documentos/Projetos/desafio-microsservicos/target/test-classes:/home/nicolas/Documentos/Projetos/desafio-microsservicos/target/classes:/home/nicolas/.m2/repository/org/springframework/boot/spring-boot-starter-web/2.5.8/spring-boot-starter-web-2.5.8.jar:/home/nicolas/.m2/repository/org/springframework/boot/spring-boot-starter/2.5.8/spring-boot-starter-2.5.8.jar:/home/nicolas/.m2/repository/org/springframework/boot/spring-boot/2.5.8/spring-boot-2.5.8.jar:/home/nicolas/.m2/repository/org/springframework/boot/spring-boot-autoconfigure/2.5.8/spring-boot-autoconfigure-2.5.8.jar:/home/nicolas/.m2/repository/org/springframework/boot/spring-boot-starter-logging/2.5.8/spring-boot-starter-logging-2.5.8.jar:/home/nicolas/.m2/repository/ch/qos/logback/logback-classic/1.2.9/logback-classic-1.2.9.jar:/home/nicolas/.m2/repository/ch/qos/logback/logback-core/1.2.9/logback-core-1.2.9.jar:/home/nicolas/.m2/repository/org/apache/logging/log4j/log4j-to-slf4j/2.17.0/log4j-to-slf4j-2.17.0.jar:/home/nicolas/.m2/repository/org/apache/logging/log4j/log4j-api/2.17.0/log4j-api-2.17.0.jar:/home/nicolas/.m2/repository/org/slf4j/jul-to-slf4j/1.7.32/jul-to-slf4j-1.7.32.jar:/home/nicolas/.m2/repository/jakarta/annotation/jakarta.annotation-api/1.3.5/jakarta.annotation-api-1.3.5.jar:/home/nicolas/.m2/repository/org/yaml/snakeyaml/1.28/snakeyaml-1.28.jar:/home/nicolas/.m2/repository/org/springframework/boot/spring-boot-starter-json/2.5.8/spring-boot-starter-json-2.5.8.jar:/home/nicolas/.m2/repository/com/fasterxml/jackson/core/jackson-databind/2.12.6/jackson-databind-2.12.6.jar:/home/nicolas/.m2/repository/com/fasterxml/jackson/core/jackson-annotations/2.12.6/jackson-annotations-2.12.6.jar:/home/nicolas/.m2/repository/com/fasterxml/jackson/core/jackson-core/2.12.6/jackson-core-2.12.6.jar:/home/nicolas/.m2/repository/com/fasterxml/jackson/datatype/jackson-datatype-jdk8/2.12.6/jackson-datatype-jdk8-2.12.6.jar:/home/nicolas/.m2/repository/com/fasterxml/jackson/datatype/jackson-datatype-jsr310/2.12.6/jackson-datatype-jsr310-2.12.6.jar:/home/nicolas/.m2/repository/com/fasterxml/jackson/module/jackson-module-parameter-names/2.12.6/jackson-module-parameter-names-2.12.6.jar:/home/nicolas/.m2/repository/org/springframework/boot/spring-boot-starter-tomcat/2.5.8/spring-boot-starter-tomcat-2.5.8.jar:/home/nicolas/.m2/repository/org/apache/tomcat/embed/tomcat-embed-core/9.0.56/tomcat-embed-core-9.0.56.jar:/home/nicolas/.m2/repository/org/apache/tomcat/embed/tomcat-embed-el/9.0.56/tomcat-embed-el-9.0.56.jar:/home/nicolas/.m2/repository/org/apache/tomcat/embed/tomcat-embed-websocket/9.0.56/tomcat-embed-websocket-9.0.56.jar:/home/nicolas/.m2/repository/org/springframework/spring-web/5.3.14/spring-web-5.3.14.jar:/home/nicolas/.m2/repository/org/springframework/spring-beans/5.3.14/spring-beans-5.3.14.jar:/home/nicolas/.m2/repository/org/springframework/spring-webmvc/5.3.14/spring-webmvc-5.3.14.jar:/home/nicolas/.m2/repository/org/springframework/spring-aop/5.3.14/spring-aop-5.3.14.jar:/home/nicolas/.m2/repository/org/springframework/spring-context/5.3.14/spring-context-5.3.14.jar:/home/nicolas/.m2/repository/org/springframework/spring-expression/5.3.14/spring-expression-5.3.14.jar:/home/nicolas/.m2/repository/com/okta/spring/okta-spring-boot-starter/2.1.4/okta-spring-boot-starter-2.1.4.jar:/home/nicolas/.m2/repository/com/okta/spring/okta-spring-security-oauth2/2.1.4/okta-spring-security-oauth2-2.1.4.jar:/home/nicolas/.m2/repository/javax/validation/validation-api/2.0.1.Final/validation-api-2.0.1.Final.jar:/home/nicolas/.m2/repository/com/okta/commons/okta-config-check/1.3.0/okta-config-check-1.3.0.jar:/home/nicolas/.m2/repository/com/okta/commons/okta-commons-lang/1.3.0/okta-commons-lang-1.3.0.jar:/home/nicolas/.m2/repository/org/springframework/security/spring-security-config/5.5.4/spring-security-config-5.5.4.jar:/home/nicolas/.m2/repository/org/springframework/security/spring-security-core/5.5.4/spring-security-core-5.5.4.jar:/home/nicolas/.m2/repository/org/springframework/security/spring-security-crypto/5.5.4/spring-security-crypto-5.5.4.jar:/home/nicolas/.m2/repository/org/springframework/boot/spring-boot-starter-security/2.5.8/spring-boot-starter-security-2.5.8.jar:/home/nicolas/.m2/repository/org/springframework/security/spring-security-web/5.5.4/spring-security-web-5.5.4.jar:/home/nicolas/.m2/repository/org/springframework/security/spring-security-oauth2-client/5.5.4/spring-security-oauth2-client-5.5.4.jar:/home/nicolas/.m2/repository/org/springframework/security/spring-security-oauth2-core/5.5.4/spring-security-oauth2-core-5.5.4.jar:/home/nicolas/.m2/repository/com/nimbusds/oauth2-oidc-sdk/9.9.1/oauth2-oidc-sdk-9.9.1.jar:/home/nicolas/.m2/repository/com/github/stephenc/jcip/jcip-annotations/1.0-1/jcip-annotations-1.0-1.jar:/home/nicolas/.m2/repository/com/nimbusds/content-type/2.1/content-type-2.1.jar:/home/nicolas/.m2/repository/com/nimbusds/lang-tag/1.5/lang-tag-1.5.jar:/home/nicolas/.m2/repository/org/springframework/security/spring-security-oauth2-jose/5.5.4/spring-security-oauth2-jose-5.5.4.jar:/home/nicolas/.m2/repository/com/nimbusds/nimbus-jose-jwt/9.10.1/nimbus-jose-jwt-9.10.1.jar:/home/nicolas/.m2/repository/org/springframework/security/spring-security-oauth2-resource-server/5.5.4/spring-security-oauth2-resource-server-5.5.4.jar:/home/nicolas/.m2/repository/com/okta/spring/okta-spring-sdk/2.1.4/okta-spring-sdk-2.1.4.jar:/home/nicolas/.m2/repository/org/springframework/boot/spring-boot-starter-test/2.5.8/spring-boot-starter-test-2.5.8.jar:/home/nicolas/.m2/repository/org/springframework/boot/spring-boot-test/2.5.8/spring-boot-test-2.5.8.jar:/home/nicolas/.m2/repository/org/springframework/boot/spring-boot-test-autoconfigure/2.5.8/spring-boot-test-autoconfigure-2.5.8.jar:/home/nicolas/.m2/repository/com/jayway/jsonpath/json-path/2.5.0/json-path-2.5.0.jar:/home/nicolas/.m2/repository/net/minidev/json-smart/2.4.7/json-smart-2.4.7.jar:/home/nicolas/.m2/repository/net/minidev/accessors-smart/2.4.7/accessors-smart-2.4.7.jar:/home/nicolas/.m2/repository/org/ow2/asm/asm/9.1/asm-9.1.jar:/home/nicolas/.m2/repository/org/slf4j/slf4j-api/1.7.32/slf4j-api-1.7.32.jar:/home/nicolas/.m2/repository/jakarta/xml/bind/jakarta.xml.bind-api/2.3.3/jakarta.xml.bind-api-2.3.3.jar:/home/nicolas/.m2/repository/jakarta/activation/jakarta.activation-api/1.2.2/jakarta.activation-api-1.2.2.jar:/home/nicolas/.m2/repository/org/assertj/assertj-core/3.19.0/assertj-core-3.19.0.jar:/home/nicolas/.m2/repository/org/hamcrest/hamcrest/2.2/hamcrest-2.2.jar:/home/nicolas/.m2/repository/org/junit/jupiter/junit-jupiter/5.7.2/junit-jupiter-5.7.2.jar:/home/nicolas/.m2/repository/org/junit/jupiter/junit-jupiter-api/5.7.2/junit-jupiter-api-5.7.2.jar:/home/nicolas/.m2/repository/org/apiguardian/apiguardian-api/1.1.0/apiguardian-api-1.1.0.jar:/home/nicolas/.m2/repository/org/opentest4j/opentest4j/1.2.0/opentest4j-1.2.0.jar:/home/nicolas/.m2/repository/org/junit/platform/junit-platform-commons/1.7.2/junit-platform-commons-1.7.2.jar:/home/nicolas/.m2/repository/org/junit/jupiter/junit-jupiter-params/5.7.2/junit-jupiter-params-5.7.2.jar:/home/nicolas/.m2/repository/org/junit/jupiter/junit-jupiter-engine/5.7.2/junit-jupiter-engine-5.7.2.jar:/home/nicolas/.m2/repository/org/junit/platform/junit-platform-engine/1.7.2/junit-platform-engine-1.7.2.jar:/home/nicolas/.m2/repository/org/mockito/mockito-core/3.9.0/mockito-core-3.9.0.jar:/home/nicolas/.m2/repository/net/bytebuddy/byte-buddy/1.10.22/byte-buddy-1.10.22.jar:/home/nicolas/.m2/repository/net/bytebuddy/byte-buddy-agent/1.10.22/byte-buddy-agent-1.10.22.jar:/home/nicolas/.m2/repository/org/objenesis/objenesis/3.2/objenesis-3.2.jar:/home/nicolas/.m2/repository/org/mockito/mockito-junit-jupiter/3.9.0/mockito-junit-jupiter-3.9.0.jar:/home/nicolas/.m2/repository/org/skyscreamer/jsonassert/1.5.0/jsonassert-1.5.0.jar:/home/nicolas/.m2/repository/com/vaadin/external/google/android-json/0.0.20131108.vaadin1/android-json-0.0.20131108.vaadin1.jar:/home/nicolas/.m2/repository/org/springframework/spring-core/5.3.14/spring-core-5.3.14.jar:/home/nicolas/.m2/repository/org/springframework/spring-jcl/5.3.14/spring-jcl-5.3.14.jar:/home/nicolas/.m2/repository/org/springframework/spring-test/5.3.14/spring-test-5.3.14.jar:/home/nicolas/.m2/repository/org/xmlunit/xmlunit-core/2.8.4/xmlunit-core-2.8.4.jar:"/>
    <property name="sun.cpu.endian" value="little"/>
    <property name="user.home" value="/home/nicolas"/>
    <property name="user.language" value="pt"/>
    <property name="java.specification.vendor" value="Oracle Corporation"/>
    <property name="java.version.date" value="2021-10-19"/>
    <property name="java.home" value="/usr/lib/jvm/java-17-oracle"/>
    <property name="file.separator" value="/"/>
    <property name="basedir" value="/home/nicolas/Documentos/Projetos/desafio-microsservicos"/>
    <property name="java.vm.compressedOopsMode" value="Zero based"/>
    <property name="line.separator" value="&#10;"/>
    <property name="java.vm.specification.vendor" value="Oracle Corporation"/>
    <property name="java.specification.name" value="Java Platform API Specification"/>
    <property name="surefire.real.class.path" value="/home/nicolas/Documentos/Projetos/desafio-microsservicos/target/surefire/surefirebooter13387732445804475942.jar"/>
    <property name="sun.management.compiler" value="HotSpot 64-Bit Tiered Compilers"/>
    <property name="java.runtime.version" value="17.0.1+12-LTS-39"/>
    <property name="user.name" value="nicolas"/>
    <property name="path.separator" value=":"/>
    <property name="os.version" value="5.13.0-25-generic"/>
    <property name="java.runtime.name" value="Java(TM) SE Runtime Environment"/>
    <property name="file.encoding" value="UTF-8"/>
    <property name="java.vm.name" value="Java HotSpot(TM) 64-Bit Server VM"/>
    <property name="localRepository" value="/home/nicolas/.m2/repository"/>
    <property name="java.vendor.url.bug" value="https://bugreport.java.com/bugreport/"/>
    <property name="java.io.tmpdir" value="/tmp"/>
    <property name="java.version" value="17.0.1"/>
    <property name="user.dir" value="/home/nicolas/Documentos/Projetos/desafio-microsservicos"/>
    <property name="os.arch" value="amd64"/>
    <property name="java.vm.specification.name" value="Java Virtual Machine Specification"/>
    <property name="native.encoding" value="UTF-8"/>
    <property name="java.library.path" value="/usr/java/packages/lib:/usr/lib64:/lib64:/lib:/usr/lib"/>
    <property name="java.vm.info" value="mixed mode, sharing"/>
    <property name="java.vendor" value="Oracle Corporation"/>
    <property name="java.vm.version" value="17.0.1+12-LTS-39"/>
    <property name="sun.io.unicode.encoding" value="UnicodeLittle"/>
    <property name="java.class.version" value="61.0"/>
  </properties>
  <testcase name="contextLoads" classname="com.nicolas.desafiomicrosservicos.DesafioMicrosservicosApplicationTests" time="0.321"/>
</testsuite>